<?xml version="1.0" encoding="UTF-8"?>
<!-- Generated by org.testng.reporters.JUnitReportReporter -->
<testsuite hostname="Sanju" failures="0" tests="4" name="Test_Module.StudentsTest" time="1.690" errors="0" timestamp="2024-09-02T13:42:40 IST" skipped="0">
  <testcase classname="Test_Module.StudentsTest" name="TC11_postStudent" time="1.624"/>
  <system-out/>
  <testcase classname="Test_Module.StudentsTest" name="TC12_getStudent" time="0.025"/>
  <system-out/>
  <testcase classname="Test_Module.StudentsTest" name="TC13_updateStudent" time="0.020"/>
  <system-out/>
  <testcase classname="Test_Module.StudentsTest" name="TC14_deleteStudent" time="0.021"/>
  <system-out/>
</testsuite> <!-- Test_Module.StudentsTest -->
