<?xml version="1.0" encoding="UTF-8"?>
<!-- Generated by org.testng.reporters.JUnitReportReporter -->
<testsuite hostname="Sanju" failures="0" tests="1" name="Test_Module.ReqReqTest" time="0.004" errors="0" timestamp="2024-09-02T19:42:20 IST" skipped="0">
  <testcase classname="Test_Module.ReqReqTest" name="TC1_getUser" time="0.004"/>
  <system-out/>
</testsuite> <!-- Test_Module.ReqReqTest -->
