<?xml version="1.0" encoding="UTF-8"?>
<!-- Generated by org.testng.reporters.JUnitReportReporter -->
<testsuite hostname="Sanju" failures="0" tests="1" name="Test_Module.Demo1" time="0.005" errors="0" timestamp="2024-09-01T16:18:32 IST" skipped="0">
  <testcase classname="Test_Module.Demo1" name="TC1" time="0.005"/>
  <system-out/>
</testsuite> <!-- Test_Module.Demo1 -->
