<?xml version="1.0" encoding="UTF-8"?>
<!-- Generated by org.testng.reporters.JUnitReportReporter -->
<testsuite hostname="Sanju" failures="0" tests="1" name="Test_Module.StudentsTest2" time="1.172" errors="0" timestamp="2024-09-02T21:17:05 IST" skipped="0">
  <testcase classname="Test_Module.StudentsTest2" name="TC16_getallStudentDetailsAndMapToPojo" time="1.172"/>
  <system-out/>
</testsuite> <!-- Test_Module.StudentsTest2 -->
