<?xml version="1.0" encoding="UTF-8"?>
<!-- Generated by org.testng.reporters.JUnitReportReporter -->
<testsuite hostname="Sanju" failures="0" tests="4" name="Test_Module.ReqResTest" time="2.572" errors="0" timestamp="2024-09-02T20:26:18 IST" skipped="0">
  <testcase classname="Test_Module.ReqResTest" name="TC2_postUser" time="0.613"/>
  <system-out/>
  <testcase classname="Test_Module.ReqResTest" name="TC1_getUser" time="1.203"/>
  <system-out/>
  <testcase classname="Test_Module.ReqResTest" name="TC4_deleteUser" time="0.397"/>
  <system-out/>
  <testcase classname="Test_Module.ReqResTest" name="TC3_updateUser" time="0.359"/>
  <system-out/>
</testsuite> <!-- Test_Module.ReqResTest -->
