<?xml version="1.0" encoding="UTF-8"?>
<!-- Generated by org.testng.reporters.JUnitReportReporter -->
<testsuite hostname="Sanju" failures="0" tests="4" name="Test_Module.StudentsTest1" time="1.839" errors="0" timestamp="2024-09-02T20:47:53 IST" skipped="0">
  <testcase classname="Test_Module.StudentsTest1" name="TC11_postStudent" time="1.761"/>
  <system-out/>
  <testcase classname="Test_Module.StudentsTest1" name="TC12_getStudent" time="0.030"/>
  <system-out/>
  <testcase classname="Test_Module.StudentsTest1" name="TC13_updateStudent" time="0.027"/>
  <system-out/>
  <testcase classname="Test_Module.StudentsTest1" name="TC14_deleteStudent" time="0.021"/>
  <system-out/>
</testsuite> <!-- Test_Module.StudentsTest1 -->
